<?xml version="1.0" encoding="UTF-8"?>
<!-- Generated by org.testng.reporters.JUnitXMLReporter -->
<testsuite hostname="Puneets-MacBook-Pro.local" ignored="0" name="Default test" tests="2" failures="0" timestamp="07 Feb 2019 20:09:51 GMT" time="21.616" errors="0">
  <testcase name="verifyLogin" time="7.919" classname="com.test.papercut.testCases.TC001_VerifyLoginAndDasboardLinks"/>
  <testcase name="verifyDashBoardMenuLinks" time="2.64" classname="com.test.papercut.testCases.TC001_VerifyLoginAndDasboardLinks"/>
</testsuite> <!-- Default test -->
